gyp info it worked if it ends with ok
gyp info using node-gyp@10.0.1
gyp info using node@21.5.0 | win32 | x64
gyp info find Python using Python version 3.10.5 found at "C:\Users\praty\AppData\Local\Programs\Python\Python310\python.exe"

gyp http GET https://nodejs.org/download/release/v21.5.0/node-v21.5.0-headers.tar.gz
gyp http 200 https://nodejs.org/download/release/v21.5.0/node-v21.5.0-headers.tar.gz
gyp http GET https://nodejs.org/download/release/v21.5.0/SHASUMS256.txt
gyp http GET https://nodejs.org/download/release/v21.5.0/win-x64/node.lib
gyp http 200 https://nodejs.org/download/release/v21.5.0/SHASUMS256.txt
gyp http 200 https://nodejs.org/download/release/v21.5.0/win-x64/node.lib
gyp info find VS using VS2017 (15.9.35727.129) found at:
gyp info find VS "C:\Program Files (x86)\Microsoft Visual Studio\2017\Community"
gyp info find VS run with --verbose for detailed information
gyp info spawn C:\Users\praty\AppData\Local\Programs\Python\Python310\python.exe
gyp info spawn args [
gyp info spawn args 'C:\\Program Files\\nodejs\\node_modules\\npm\\node_modules\\node-gyp\\gyp\\gyp_main.py',
gyp info spawn args 'binding.gyp',
gyp info spawn args '-f',
gyp info spawn args 'msvs',
gyp info spawn args '-I',
gyp info spawn args 'C:\\Users\\praty\\Desktop\\JavaScript 30\\day19\\node_modules\\uws\\build\\config.gypi',
gyp info spawn args '-I',
gyp info spawn args 'C:\\Program Files\\nodejs\\node_modules\\npm\\node_modules\\node-gyp\\addon.gypi',
gyp info spawn args '-I',
gyp info spawn args 'C:\\Users\\praty\\AppData\\Local\\node-gyp\\Cache\\21.5.0\\include\\node\\common.gypi',
gyp info spawn args '-Dlibrary=shared_library',
gyp info spawn args '-Dvisibility=default',
gyp info spawn args '-Dnode_root_dir=C:\\Users\\praty\\AppData\\Local\\node-gyp\\Cache\\21.5.0',
gyp info spawn args '-Dnode_gyp_dir=C:\\Program Files\\nodejs\\node_modules\\npm\\node_modules\\node-gyp',
gyp info spawn args '-Dnode_lib_file=C:\\\\Users\\\\praty\\\\AppData\\\\Local\\\\node-gyp\\\\Cache\\\\21.5.0\\\\<(target_arch)\\\\node.lib',
gyp info spawn args '-Dmodule_root_dir=C:\\Users\\praty\\Desktop\\JavaScript 30\\day19\\node_modules\\uws',
gyp info spawn args '-Dnode_engine=v8',
gyp info spawn args '--depth=.',
gyp info spawn args '--no-parallel',
gyp info spawn args '--generator-output',
gyp info spawn args 'C:\\Users\\praty\\Desktop\\JavaScript 30\\day19\\node_modules\\uws\\build',
gyp info spawn args '-Goutput_dir=.'
gyp info spawn args ]
gyp info spawn C:\Program Files (x86)\Microsoft Visual Studio\2017\Community\MSBuild\15.0\Bin\MSBuild.exe
gyp info spawn args [
gyp info spawn args 'build\\binding.sln',
gyp info spawn args '/clp:Verbosity=minimal',
gyp info spawn args '/nologo',
gyp info spawn args '/p:Configuration=Release;Platform=x64'
gyp info spawn args ]
Building the projects in this solution one at a time. To enable parallel build, please add the "/m" switch.
  Extensions.cpp
  Group.cpp
  Networking.cpp
  Hub.cpp
c:\users\praty\desktop\javascript 30\day19\node_modules\uws\src\hub.cpp(127): warning C4530: C++ exception handler used, but unwind semantics are not enabled. Specify /EHsc [C:\Users\praty\Desktop\JavaScript 30\day19\node_modules\uws\build\uws.vcxproj]
  Node.cpp
  WebSocket.cpp
  HTTPSocket.cpp
  Socket.cpp
  addon.cpp
c:\users\praty\desktop\javascript 30\day19\node_modules\uws\src\addon.h(21): warning C4996: 'node::MakeCallback': was declared deprecated [C:\Users\praty\Desktop\JavaScript 30\day19\node_modules\uws\build\uws.vcxproj]
  c:\users\praty\appdata\local\node-gyp\cache\21.5.0\include\node\node.h(197): note: see declaration of 'node::MakeCallback'
c:\users\praty\desktop\javascript 30\day19\node_modules\uws\src\addon.h(37): error C2664: 'v8::String::Utf8Value::Utf8Value(const v8::String::Utf8Value &)': cannot convert argument 1 from 'const v8::Local<v8::Value>' to 'const v8::String::Utf8Value &' [C:\Users\praty\Desktop\JavaScript 30\day19\node_modules\uws\build\uws.vcxproj]
  c:\users\praty\desktop\javascript 30\day19\node_modules\uws\src\addon.h(37): note: Reason: cannot convert from 'const v8::Local<v8::Value>' to 'const v8::String::Utf8Value'
  c:\users\praty\desktop\javascript 30\day19\node_modules\uws\src\addon.h(37): note: No user-defined-conversion operator available that can perform this conversion, or the operator cannot be called
c:\users\praty\desktop\javascript 30\day19\node_modules\uws\src\addon.h(45): error C2039: 'Contents': is not a member of 'v8::ArrayBuffer' [C:\Users\praty\Desktop\JavaScript 30\day19\node_modules\uws\build\uws.vcxproj]
  c:\users\praty\appdata\local\node-gyp\cache\21.5.0\include\node\v8-wasm.h(19): note: see declaration of 'v8::ArrayBuffer'
c:\users\praty\desktop\javascript 30\day19\node_modules\uws\src\addon.h(45): error C2065: 'Contents': undeclared identifier [C:\Users\praty\Desktop\JavaScript 30\day19\node_modules\uws\build\uws.vcxproj]
c:\users\praty\desktop\javascript 30\day19\node_modules\uws\src\addon.h(45): error C2146: syntax error: missing ';' before identifier 'contents' [C:\Users\praty\Desktop\JavaScript 30\day19\node_modules\uws\build\uws.vcxproj]
c:\users\praty\desktop\javascript 30\day19\node_modules\uws\src\addon.h(45): error C2065: 'contents': undeclared identifier [C:\Users\praty\Desktop\JavaScript 30\day19\node_modules\uws\build\uws.vcxproj]
c:\users\praty\desktop\javascript 30\day19\node_modules\uws\src\addon.h(45): error C2039: 'GetContents': is not a member of 'v8::ArrayBuffer' [C:\Users\praty\Desktop\JavaScript 30\day19\node_modules\uws\build\uws.vcxproj]
  c:\users\praty\appdata\local\node-gyp\cache\21.5.0\include\node\v8-wasm.h(19): note: see declaration of 'v8::ArrayBuffer'
c:\users\praty\desktop\javascript 30\day19\node_modules\uws\src\addon.h(46): error C2065: 'contents': undeclared identifier [C:\Users\praty\Desktop\JavaScript 30\day19\node_modules\uws\build\uws.vcxproj]
c:\users\praty\desktop\javascript 30\day19\node_modules\uws\src\addon.h(47): error C2065: 'contents': undeclared identifier [C:\Users\praty\Desktop\JavaScript 30\day19\node_modules\uws\build\uws.vcxproj]
c:\users\praty\desktop\javascript 30\day19\node_modules\uws\src\addon.h(50): error C2039: 'Contents': is not a member of 'v8::ArrayBuffer' [C:\Users\praty\Desktop\JavaScript 30\day19\node_modules\uws\build\uws.vcxproj]
  c:\users\praty\appdata\local\node-gyp\cache\21.5.0\include\node\v8-wasm.h(19): note: see declaration of 'v8::ArrayBuffer'
c:\users\praty\desktop\javascript 30\day19\node_modules\uws\src\addon.h(50): error C2065: 'Contents': undeclared identifier [C:\Users\praty\Desktop\JavaScript 30\day19\node_modules\uws\build\uws.vcxproj]
c:\users\praty\desktop\javascript 30\day19\node_modules\uws\src\addon.h(50): error C2146: syntax error: missing ';' before identifier 'contents' [C:\Users\praty\Desktop\JavaScript 30\day19\node_modules\uws\build\uws.vcxproj]
c:\users\praty\desktop\javascript 30\day19\node_modules\uws\src\addon.h(50): error C2065: 'contents': undeclared identifier [C:\Users\praty\Desktop\JavaScript 30\day19\node_modules\uws\build\uws.vcxproj]
c:\users\praty\desktop\javascript 30\day19\node_modules\uws\src\addon.h(50): error C2039: 'GetContents': is not a member of 'v8::ArrayBuffer' [C:\Users\praty\Desktop\JavaScript 30\day19\node_modules\uws\build\uws.vcxproj]
  c:\users\praty\appdata\local\node-gyp\cache\21.5.0\include\node\v8-wasm.h(19): note: see declaration of 'v8::ArrayBuffer'
c:\users\praty\desktop\javascript 30\day19\node_modules\uws\src\addon.h(51): error C2065: 'contents': undeclared identifier [C:\Users\praty\Desktop\JavaScript 30\day19\node_modules\uws\build\uws.vcxproj]
c:\users\praty\desktop\javascript 30\day19\node_modules\uws\src\addon.h(52): error C2065: 'contents': undeclared identifier [C:\Users\praty\Desktop\JavaScript 30\day19\node_modules\uws\build\uws.vcxproj]
c:\users\praty\desktop\javascript 30\day19\node_modules\uws\src\addon.h(102): error C2661: 'v8::ArrayBuffer::New': no overloaded function takes 3 arguments [C:\Users\praty\Desktop\JavaScript 30\day19\node_modules\uws\build\uws.vcxproj]
c:\users\praty\desktop\javascript 30\day19\node_modules\uws\src\addon.h(102): error C2039: 'kNormalString': is not a member of 'v8::String' [C:\Users\praty\Desktop\JavaScript 30\day19\node_modules\uws\build\uws.vcxproj]
  c:\users\praty\appdata\local\node-gyp\cache\21.5.0\include\node\v8-value-serializer.h(24): note: see declaration of 'v8::String'
c:\users\praty\desktop\javascript 30\day19\node_modules\uws\src\addon.h(102): error C2065: 'kNormalString': undeclared identifier [C:\Users\praty\Desktop\JavaScript 30\day19\node_modules\uws\build\uws.vcxproj]
c:\users\praty\desktop\javascript 30\day19\node_modules\uws\src\addon.h(223): error C2660: 'v8::Value::ToObject': function does not take 0 arguments [C:\Users\praty\Desktop\JavaScript 30\day19\node_modules\uws\build\uws.vcxproj]
  c:\users\praty\appdata\local\node-gyp\cache\21.5.0\include\node\v8-value.h(396): note: see declaration of 'v8::Value::ToObject'
c:\users\praty\desktop\javascript 30\day19\node_modules\uws\src\addon.h(225): error C2660: 'v8::Value::IntegerValue': function does not take 0 arguments [C:\Users\praty\Desktop\JavaScript 30\day19\node_modules\uws\build\uws.vcxproj]
  c:\users\praty\appdata\local\node-gyp\cache\21.5.0\include\node\v8-value.h(437): note: see declaration of 'v8::Value::IntegerValue'
c:\users\praty\desktop\javascript 30\day19\node_modules\uws\src\addon.h(339): warning C4996: 'node::MakeCallback': was declared deprecated [C:\Users\praty\Desktop\JavaScript 30\day19\node_modules\uws\build\uws.vcxproj]
  c:\users\praty\appdata\local\node-gyp\cache\21.5.0\include\node\node.h(197): note: see declaration of 'node::MakeCallback'
c:\users\praty\desktop\javascript 30\day19\node_modules\uws\src\addon.h(403): error C2660: 'v8::Function::Call': function does not take 3 arguments [C:\Users\praty\Desktop\JavaScript 30\day19\node_modules\uws\build\uws.vcxproj]
  c:\users\praty\appdata\local\node-gyp\cache\21.5.0\include\node\v8-function.h(55): note: see declaration of 'v8::Function::Call'
c:\users\praty\desktop\javascript 30\day19\node_modules\uws\src\addon.h(416): error C2660: 'v8::Value::IntegerValue': function does not take 0 arguments [C:\Users\praty\Desktop\JavaScript 30\day19\node_modules\uws\build\uws.vcxproj]
  c:\users\praty\appdata\local\node-gyp\cache\21.5.0\include\node\v8-value.h(437): note: see declaration of 'v8::Value::IntegerValue'
c:\users\praty\desktop\javascript 30\day19\node_modules\uws\src\addon.h(425): error C2660: 'v8::Value::IntegerValue': function does not take 0 arguments [C:\Users\praty\Desktop\JavaScript 30\day19\node_modules\uws\build\uws.vcxproj]
  c:\users\praty\appdata\local\node-gyp\cache\21.5.0\include\node\v8-value.h(437): note: see declaration of 'v8::Value::IntegerValue'
c:\users\praty\desktop\javascript 30\day19\node_modules\uws\src\http.h(31): error C2039: 'kNormalString': is not a member of 'v8::String' [C:\Users\praty\Desktop\JavaScript 30\day19\node_modules\uws\build\uws.vcxproj]
  c:\users\praty\appdata\local\node-gyp\cache\21.5.0\include\node\v8-value-serializer.h(24): note: see declaration of 'v8::String'
c:\users\praty\desktop\javascript 30\day19\node_modules\uws\src\http.h(31): error C2065: 'kNormalString': undeclared identifier [C:\Users\praty\Desktop\JavaScript 30\day19\node_modules\uws\build\uws.vcxproj]
c:\users\praty\desktop\javascript 30\day19\node_modules\uws\src\http.h(42): warning C4311: 'type cast': pointer truncation from 'void *' to 'long' [C:\Users\praty\Desktop\JavaScript 30\day19\node_modules\uws\build\uws.vcxproj]
c:\users\praty\desktop\javascript 30\day19\node_modules\uws\src\http.h(42): warning C4302: 'type cast': truncation from 'void *' to 'long' [C:\Users\praty\Desktop\JavaScript 30\day19\node_modules\uws\build\uws.vcxproj]
c:\users\praty\desktop\javascript 30\day19\node_modules\uws\src\http.h(45): error C2039: 'kNormalString': is not a member of 'v8::String' [C:\Users\praty\Desktop\JavaScript 30\day19\node_modules\uws\build\uws.vcxproj]
  c:\users\praty\appdata\local\node-gyp\cache\21.5.0\include\node\v8-value-serializer.h(24): note: see declaration of 'v8::String'
c:\users\praty\desktop\javascript 30\day19\node_modules\uws\src\http.h(45): error C2065: 'kNormalString': undeclared identifier [C:\Users\praty\Desktop\JavaScript 30\day19\node_modules\uws\build\uws.vcxproj]
c:\users\praty\desktop\javascript 30\day19\node_modules\uws\src\http.h(48): error C2039: 'kNormalString': is not a member of 'v8::String' [C:\Users\praty\Desktop\JavaScript 30\day19\node_modules\uws\build\uws.vcxproj]
  c:\users\praty\appdata\local\node-gyp\cache\21.5.0\include\node\v8-value-serializer.h(24): note: see declaration of 'v8::String'
c:\users\praty\desktop\javascript 30\day19\node_modules\uws\src\http.h(48): error C2065: 'kNormalString': undeclared identifier [C:\Users\praty\Desktop\JavaScript 30\day19\node_modules\uws\build\uws.vcxproj]
c:\users\praty\desktop\javascript 30\day19\node_modules\uws\src\http.h(51): error C2039: 'kNormalString': is not a member of 'v8::String' [C:\Users\praty\Desktop\JavaScript 30\day19\node_modules\uws\build\uws.vcxproj]
  c:\users\praty\appdata\local\node-gyp\cache\21.5.0\include\node\v8-value-serializer.h(24): note: see declaration of 'v8::String'
c:\users\praty\desktop\javascript 30\day19\node_modules\uws\src\http.h(51): error C2065: 'kNormalString': undeclared identifier [C:\Users\praty\Desktop\JavaScript 30\day19\node_modules\uws\build\uws.vcxproj]
c:\users\praty\desktop\javascript 30\day19\node_modules\uws\src\http.h(54): error C2039: 'kNormalString': is not a member of 'v8::String' [C:\Users\praty\Desktop\JavaScript 30\day19\node_modules\uws\build\uws.vcxproj]
  c:\users\praty\appdata\local\node-gyp\cache\21.5.0\include\node\v8-value-serializer.h(24): note: see declaration of 'v8::String'
c:\users\praty\desktop\javascript 30\day19\node_modules\uws\src\http.h(54): error C2065: 'kNormalString': undeclared identifier [C:\Users\praty\Desktop\JavaScript 30\day19\node_modules\uws\build\uws.vcxproj]
c:\users\praty\desktop\javascript 30\day19\node_modules\uws\src\http.h(57): error C2039: 'kNormalString': is not a member of 'v8::String' [C:\Users\praty\Desktop\JavaScript 30\day19\node_modules\uws\build\uws.vcxproj]
  c:\users\praty\appdata\local\node-gyp\cache\21.5.0\include\node\v8-value-serializer.h(24): note: see declaration of 'v8::String'
c:\users\praty\desktop\javascript 30\day19\node_modules\uws\src\http.h(57): error C2065: 'kNormalString': undeclared identifier [C:\Users\praty\Desktop\JavaScript 30\day19\node_modules\uws\build\uws.vcxproj]
c:\users\praty\desktop\javascript 30\day19\node_modules\uws\src\http.h(60): error C2039: 'kNormalString': is not a member of 'v8::String' [C:\Users\praty\Desktop\JavaScript 30\day19\node_modules\uws\build\uws.vcxproj]
  c:\users\praty\appdata\local\node-gyp\cache\21.5.0\include\node\v8-value-serializer.h(24): note: see declaration of 'v8::String'
c:\users\praty\desktop\javascript 30\day19\node_modules\uws\src\http.h(60): error C2065: 'kNormalString': undeclared identifier [C:\Users\praty\Desktop\JavaScript 30\day19\node_modules\uws\build\uws.vcxproj]
c:\users\praty\desktop\javascript 30\day19\node_modules\uws\src\http.h(63): error C2039: 'kNormalString': is not a member of 'v8::String' [C:\Users\praty\Desktop\JavaScript 30\day19\node_modules\uws\build\uws.vcxproj]
  c:\users\praty\appdata\local\node-gyp\cache\21.5.0\include\node\v8-value-serializer.h(24): note: see declaration of 'v8::String'
c:\users\praty\desktop\javascript 30\day19\node_modules\uws\src\http.h(63): error C2065: 'kNormalString': undeclared identifier [C:\Users\praty\Desktop\JavaScript 30\day19\node_modules\uws\build\uws.vcxproj]
c:\users\praty\desktop\javascript 30\day19\node_modules\uws\src\http.h(66): error C2039: 'kNormalString': is not a member of 'v8::String' [C:\Users\praty\Desktop\JavaScript 30\day19\node_modules\uws\build\uws.vcxproj]
  c:\users\praty\appdata\local\node-gyp\cache\21.5.0\include\node\v8-value-serializer.h(24): note: see declaration of 'v8::String'
c:\users\praty\desktop\javascript 30\day19\node_modules\uws\src\http.h(66): error C2065: 'kNormalString': undeclared identifier [C:\Users\praty\Desktop\JavaScript 30\day19\node_modules\uws\build\uws.vcxproj]
c:\users\praty\desktop\javascript 30\day19\node_modules\uws\src\http.h(69): error C2039: 'kNormalString': is not a member of 'v8::String' [C:\Users\praty\Desktop\JavaScript 30\day19\node_modules\uws\build\uws.vcxproj]
  c:\users\praty\appdata\local\node-gyp\cache\21.5.0\include\node\v8-value-serializer.h(24): note: see declaration of 'v8::String'
c:\users\praty\desktop\javascript 30\day19\node_modules\uws\src\http.h(69): error C2065: 'kNormalString': undeclared identifier [C:\Users\praty\Desktop\JavaScript 30\day19\node_modules\uws\build\uws.vcxproj]
c:\users\praty\desktop\javascript 30\day19\node_modules\uws\src\http.h(90): error C2664: 'void v8::FunctionTemplate::SetClassName(v8::Local<v8::String>)': cannot convert argument 1 from 'v8::MaybeLocal<v8::String>' to 'v8::Local<v8::String>' [C:\Users\praty\Desktop\JavaScript 30\day19\node_modules\uws\build\uws.vcxproj]
  c:\users\praty\desktop\javascript 30\day19\node_modules\uws\src\http.h(90): note: No user-defined-conversion operator available that can perform this conversion, or the operator cannot be called
c:\users\praty\desktop\javascript 30\day19\node_modules\uws\src\http.h(92): error C2664: 'void v8::ObjectTemplate::SetAccessor(v8::Local<v8::Name>,v8::AccessorNameGetterCallback,v8::AccessorNameSetterCallback,v8::Local<v8::Value>,v8::AccessControl,v8::PropertyAttribute,v8::SideEffectType,v8::SideEffectType)': cannot convert argument 1 from 'v8::MaybeLocal<v8::String>' to 'v8::Local<v8::String>' [C:\Users\praty\Desktop\JavaScript 30\day19\node_modules\uws\build\uws.vcxproj]
  c:\users\praty\desktop\javascript 30\day19\node_modules\uws\src\http.h(92): note: No user-defined-conversion operator available that can perform this conversion, or the operator cannot be called
c:\users\praty\desktop\javascript 30\day19\node_modules\uws\src\http.h(93): error C2664: 'void v8::ObjectTemplate::SetAccessor(v8::Local<v8::Name>,v8::AccessorNameGetterCallback,v8::AccessorNameSetterCallback,v8::Local<v8::Value>,v8::AccessControl,v8::PropertyAttribute,v8::SideEffectType,v8::SideEffectType)': cannot convert argument 1 from 'v8::MaybeLocal<v8::String>' to 'v8::Local<v8::String>' [C:\Users\praty\Desktop\JavaScript 30\day19\node_modules\uws\build\uws.vcxproj]
  c:\users\praty\desktop\javascript 30\day19\node_modules\uws\src\http.h(93): note: No user-defined-conversion operator available that can perform this conversion, or the operator cannot be called
c:\users\praty\desktop\javascript 30\day19\node_modules\uws\src\http.h(94): error C2664: 'void v8::Template::Set(v8::Isolate *,const char *,v8::Local<v8::Data>,v8::PropertyAttribute)': cannot convert argument 1 from 'v8::MaybeLocal<v8::String>' to 'v8::Local<v8::Name>' [C:\Users\praty\Desktop\JavaScript 30\day19\node_modules\uws\build\uws.vcxproj]
  c:\users\praty\desktop\javascript 30\day19\node_modules\uws\src\http.h(94): note: No user-defined-conversion operator available that can perform this conversion, or the operator cannot be called
c:\users\praty\desktop\javascript 30\day19\node_modules\uws\src\http.h(95): error C2664: 'void v8::Template::Set(v8::Isolate *,const char *,v8::Local<v8::Data>,v8::PropertyAttribute)': cannot convert argument 1 from 'v8::MaybeLocal<v8::String>' to 'v8::Local<v8::Name>' [C:\Users\praty\Desktop\JavaScript 30\day19\node_modules\uws\build\uws.vcxproj]
  c:\users\praty\desktop\javascript 30\day19\node_modules\uws\src\http.h(95): note: No user-defined-conversion operator available that can perform this conversion, or the operator cannot be called
c:\users\praty\desktop\javascript 30\day19\node_modules\uws\src\http.h(96): error C2664: 'void v8::Template::Set(v8::Isolate *,const char *,v8::Local<v8::Data>,v8::PropertyAttribute)': cannot convert argument 1 from 'v8::MaybeLocal<v8::String>' to 'v8::Local<v8::Name>' [C:\Users\praty\Desktop\JavaScript 30\day19\node_modules\uws\build\uws.vcxproj]
  c:\users\praty\desktop\javascript 30\day19\node_modules\uws\src\http.h(96): note: No user-defined-conversion operator available that can perform this conversion, or the operator cannot be called
c:\users\praty\desktop\javascript 30\day19\node_modules\uws\src\http.h(97): error C2664: 'void v8::Template::Set(v8::Isolate *,const char *,v8::Local<v8::Data>,v8::PropertyAttribute)': cannot convert argument 1 from 'v8::MaybeLocal<v8::String>' to 'v8::Local<v8::Name>' [C:\Users\praty\Desktop\JavaScript 30\day19\node_modules\uws\build\uws.vcxproj]
  c:\users\praty\desktop\javascript 30\day19\node_modules\uws\src\http.h(97): note: No user-defined-conversion operator available that can perform this conversion, or the operator cannot be called
c:\users\praty\desktop\javascript 30\day19\node_modules\uws\src\http.h(99): error C2660: 'v8::FunctionTemplate::GetFunction': function does not take 0 arguments [C:\Users\praty\Desktop\JavaScript 30\day19\node_modules\uws\build\uws.vcxproj]
  c:\users\praty\appdata\local\node-gyp\cache\21.5.0\include\node\v8-template.h(497): note: see declaration of 'v8::FunctionTemplate::GetFunction'
c:\users\praty\desktop\javascript 30\day19\node_modules\uws\src\http.h(102): error C2039: 'SetNamedPropertyHandler': is not a member of 'v8::ObjectTemplate' [C:\Users\praty\Desktop\JavaScript 30\day19\node_modules\uws\build\uws.vcxproj]
  c:\users\praty\appdata\local\node-gyp\cache\21.5.0\include\node\v8-template.h(775): note: see declaration of 'v8::ObjectTemplate'
c:\users\praty\desktop\javascript 30\day19\node_modules\uws\src\http.h(104): error C2660: 'v8::ObjectTemplate::NewInstance': function does not take 0 arguments [C:\Users\praty\Desktop\JavaScript 30\day19\node_modules\uws\build\uws.vcxproj]
  c:\users\praty\appdata\local\node-gyp\cache\21.5.0\include\node\v8-template.h(783): note: see declaration of 'v8::ObjectTemplate::NewInstance'
c:\users\praty\desktop\javascript 30\day19\node_modules\uws\src\http.h(104): error C2661: 'v8::Object::Set': no overloaded function takes 1 arguments [C:\Users\praty\Desktop\JavaScript 30\day19\node_modules\uws\build\uws.vcxproj]
c:\users\praty\desktop\javascript 30\day19\node_modules\uws\src\http.h(137): error C2660: 'v8::Value::IntegerValue': function does not take 0 arguments [C:\Users\praty\Desktop\JavaScript 30\day19\node_modules\uws\build\uws.vcxproj]
  c:\users\praty\appdata\local\node-gyp\cache\21.5.0\include\node\v8-value.h(437): note: see declaration of 'v8::Value::IntegerValue'
c:\users\praty\desktop\javascript 30\day19\node_modules\uws\src\http.h(147): error C2660: 'v8::Value::ToObject': function does not take 0 arguments [C:\Users\praty\Desktop\JavaScript 30\day19\node_modules\uws\build\uws.vcxproj]
  c:\users\praty\appdata\local\node-gyp\cache\21.5.0\include\node\v8-value.h(396): note: see declaration of 'v8::Value::ToObject'
c:\users\praty\desktop\javascript 30\day19\node_modules\uws\src\http.h(148): error C2661: 'v8::Object::GetOwnPropertyNames': no overloaded function takes 0 arguments [C:\Users\praty\Desktop\JavaScript 30\day19\node_modules\uws\build\uws.vcxproj]
c:\users\praty\desktop\javascript 30\day19\node_modules\uws\src\http.h(149): warning C4018: '<': signed/unsigned mismatch [C:\Users\praty\Desktop\JavaScript 30\day19\node_modules\uws\build\uws.vcxproj]
c:\users\praty\desktop\javascript 30\day19\node_modules\uws\src\http.h(150): error C2661: 'v8::Object::Get': no overloaded function takes 1 arguments [C:\Users\praty\Desktop\JavaScript 30\day19\node_modules\uws\build\uws.vcxproj]
c:\users\praty\desktop\javascript 30\day19\node_modules\uws\src\http.h(151): error C2661: 'v8::Object::Get': no overloaded function takes 1 arguments [C:\Users\praty\Desktop\JavaScript 30\day19\node_modules\uws\build\uws.vcxproj]
c:\users\praty\desktop\javascript 30\day19\node_modules\uws\src\http.h(188): error C2664: 'void v8::FunctionTemplate::SetClassName(v8::Local<v8::String>)': cannot convert argument 1 from 'v8::MaybeLocal<v8::String>' to 'v8::Local<v8::String>' [C:\Users\praty\Desktop\JavaScript 30\day19\node_modules\uws\build\uws.vcxproj]
  c:\users\praty\desktop\javascript 30\day19\node_modules\uws\src\http.h(188): note: No user-defined-conversion operator available that can perform this conversion, or the operator cannot be called
c:\users\praty\desktop\javascript 30\day19\node_modules\uws\src\http.h(190): error C2664: 'void v8::Template::Set(v8::Isolate *,const char *,v8::Local<v8::Data>,v8::PropertyAttribute)': cannot convert argument 1 from 'v8::MaybeLocal<v8::String>' to 'v8::Local<v8::Name>' [C:\Users\praty\Desktop\JavaScript 30\day19\node_modules\uws\build\uws.vcxproj]
  c:\users\praty\desktop\javascript 30\day19\node_modules\uws\src\http.h(190): note: No user-defined-conversion operator available that can perform this conversion, or the operator cannot be called
c:\users\praty\desktop\javascript 30\day19\node_modules\uws\src\http.h(191): error C2664: 'void v8::Template::Set(v8::Isolate *,const char *,v8::Local<v8::Data>,v8::PropertyAttribute)': cannot convert argument 1 from 'v8::MaybeLocal<v8::String>' to 'v8::Local<v8::Name>' [C:\Users\praty\Desktop\JavaScript 30\day19\node_modules\uws\build\uws.vcxproj]
  c:\users\praty\desktop\javascript 30\day19\node_modules\uws\src\http.h(191): note: No user-defined-conversion operator available that can perform this conversion, or the operator cannot be called
c:\users\praty\desktop\javascript 30\day19\node_modules\uws\src\http.h(192): error C2664: 'void v8::Template::Set(v8::Isolate *,const char *,v8::Local<v8::Data>,v8::PropertyAttribute)': cannot convert argument 1 from 'v8::MaybeLocal<v8::String>' to 'v8::Local<v8::Name>' [C:\Users\praty\Desktop\JavaScript 30\day19\node_modules\uws\build\uws.vcxproj]
  c:\users\praty\desktop\javascript 30\day19\node_modules\uws\src\http.h(192): note: No user-defined-conversion operator available that can perform this conversion, or the operator cannot be called
c:\users\praty\desktop\javascript 30\day19\node_modules\uws\src\http.h(193): error C2664: 'void v8::Template::Set(v8::Isolate *,const char *,v8::Local<v8::Data>,v8::PropertyAttribute)': cannot convert argument 1 from 'v8::MaybeLocal<v8::String>' to 'v8::Local<v8::Name>' [C:\Users\praty\Desktop\JavaScript 30\day19\node_modules\uws\build\uws.vcxproj]
  c:\users\praty\desktop\javascript 30\day19\node_modules\uws\src\http.h(193): note: No user-defined-conversion operator available that can perform this conversion, or the operator cannot be called
c:\users\praty\desktop\javascript 30\day19\node_modules\uws\src\http.h(194): error C2664: 'void v8::Template::Set(v8::Isolate *,const char *,v8::Local<v8::Data>,v8::PropertyAttribute)': cannot convert argument 1 from 'v8::MaybeLocal<v8::String>' to 'v8::Local<v8::Name>' [C:\Users\praty\Desktop\JavaScript 30\day19\node_modules\uws\build\uws.vcxproj]
  c:\users\praty\desktop\javascript 30\day19\node_modules\uws\src\http.h(194): note: No user-defined-conversion operator available that can perform this conversion, or the operator cannot be called
c:\users\praty\desktop\javascript 30\day19\node_modules\uws\src\http.h(195): error C2664: 'void v8::Template::Set(v8::Isolate *,const char *,v8::Local<v8::Data>,v8::PropertyAttribute)': cannot convert argument 1 from 'v8::MaybeLocal<v8::String>' to 'v8::Local<v8::Name>' [C:\Users\praty\Desktop\JavaScript 30\day19\node_modules\uws\build\uws.vcxproj]
  c:\users\praty\desktop\javascript 30\day19\node_modules\uws\src\http.h(195): note: No user-defined-conversion operator available that can perform this conversion, or the operator cannot be called
c:\users\praty\desktop\javascript 30\day19\node_modules\uws\src\http.h(196): error C2660: 'v8::FunctionTemplate::GetFunction': function does not take 0 arguments [C:\Users\praty\Desktop\JavaScript 30\day19\node_modules\uws\build\uws.vcxproj]
  c:\users\praty\appdata\local\node-gyp\cache\21.5.0\include\node\v8-template.h(497): note: see declaration of 'v8::FunctionTemplate::GetFunction'
c:\users\praty\desktop\javascript 30\day19\node_modules\uws\src\http.h(226): warning C4312: 'type cast': conversion from 'long' to 'void *' of greater size [C:\Users\praty\Desktop\JavaScript 30\day19\node_modules\uws\build\uws.vcxproj]
c:\users\praty\desktop\javascript 30\day19\node_modules\uws\src\http.h(227): error C2039: 'kNormalString': is not a member of 'v8::String' [C:\Users\praty\Desktop\JavaScript 30\day19\node_modules\uws\build\uws.vcxproj]
  c:\users\praty\appdata\local\node-gyp\cache\21.5.0\include\node\v8-value-serializer.h(24): note: see declaration of 'v8::String'
c:\users\praty\desktop\javascript 30\day19\node_modules\uws\src\http.h(227): error C2065: 'kNormalString': undeclared identifier [C:\Users\praty\Desktop\JavaScript 30\day19\node_modules\uws\build\uws.vcxproj]
c:\users\praty\desktop\javascript 30\day19\node_modules\uws\src\http.h(227): error C2660: 'v8::Object::SetInternalField': function does not take 1 arguments [C:\Users\praty\Desktop\JavaScript 30\day19\node_modules\uws\build\uws.vcxproj]
  c:\users\praty\appdata\local\node-gyp\cache\21.5.0\include\node\v8-object.h(499): note: see declaration of 'v8::Object::SetInternalField'
c:\users\praty\desktop\javascript 30\day19\node_modules\uws\src\http.h(230): error C2660: 'v8::Function::Call': function does not take 3 arguments [C:\Users\praty\Desktop\JavaScript 30\day19\node_modules\uws\build\uws.vcxproj]
  c:\users\praty\appdata\local\node-gyp\cache\21.5.0\include\node\v8-function.h(55): note: see declaration of 'v8::Function::Call'
c:\users\praty\desktop\javascript 30\day19\node_modules\uws\src\http.h(235): error C2661: 'v8::ArrayBuffer::New': no overloaded function takes 3 arguments [C:\Users\praty\Desktop\JavaScript 30\day19\node_modules\uws\build\uws.vcxproj]
c:\users\praty\desktop\javascript 30\day19\node_modules\uws\src\http.h(235): error C2466: cannot allocate an array of constant size 0 [C:\Users\praty\Desktop\JavaScript 30\day19\node_modules\uws\build\uws.vcxproj]
c:\users\praty\desktop\javascript 30\day19\node_modules\uws\src\http.h(236): error C2660: 'v8::Function::Call': function does not take 3 arguments [C:\Users\praty\Desktop\JavaScript 30\day19\node_modules\uws\build\uws.vcxproj]
  c:\users\praty\appdata\local\node-gyp\cache\21.5.0\include\node\v8-function.h(55): note: see declaration of 'v8::Function::Call'
c:\users\praty\desktop\javascript 30\day19\node_modules\uws\src\http.h(242): error C2660: 'v8::Function::Call': function does not take 3 arguments [C:\Users\praty\Desktop\JavaScript 30\day19\node_modules\uws\build\uws.vcxproj]
  c:\users\praty\appdata\local\node-gyp\cache\21.5.0\include\node\v8-function.h(55): note: see declaration of 'v8::Function::Call'
c:\users\praty\desktop\javascript 30\day19\node_modules\uws\src\http.h(265): error C2660: 'v8::Function::Call': function does not take 3 arguments [C:\Users\praty\Desktop\JavaScript 30\day19\node_modules\uws\build\uws.vcxproj]
  c:\users\praty\appdata\local\node-gyp\cache\21.5.0\include\node\v8-function.h(55): note: see declaration of 'v8::Function::Call'
c:\users\praty\desktop\javascript 30\day19\node_modules\uws\src\http.h(279): error C2661: 'v8::ArrayBuffer::New': no overloaded function takes 3 arguments [C:\Users\praty\Desktop\JavaScript 30\day19\node_modules\uws\build\uws.vcxproj]
c:\users\praty\desktop\javascript 30\day19\node_modules\uws\src\http.h(279): error C2466: cannot allocate an array of constant size 0 [C:\Users\praty\Desktop\JavaScript 30\day19\node_modules\uws\build\uws.vcxproj]
c:\users\praty\desktop\javascript 30\day19\node_modules\uws\src\http.h(280): error C2660: 'v8::Function::Call': function does not take 3 arguments [C:\Users\praty\Desktop\JavaScript 30\day19\node_modules\uws\build\uws.vcxproj]
  c:\users\praty\appdata\local\node-gyp\cache\21.5.0\include\node\v8-function.h(55): note: see declaration of 'v8::Function::Call'
c:\users\praty\desktop\javascript 30\day19\node_modules\uws\src\http.h(286): error C2660: 'v8::Function::Call': function does not take 3 arguments [C:\Users\praty\Desktop\JavaScript 30\day19\node_modules\uws\build\uws.vcxproj]
  c:\users\praty\appdata\local\node-gyp\cache\21.5.0\include\node\v8-function.h(55): note: see declaration of 'v8::Function::Call'
c:\users\praty\desktop\javascript 30\day19\node_modules\uws\src\http.h(293): error C2661: 'v8::Function::NewInstance': no overloaded function takes 0 arguments [C:\Users\praty\Desktop\JavaScript 30\day19\node_modules\uws\build\uws.vcxproj]
c:\users\praty\desktop\javascript 30\day19\node_modules\uws\src\http.h(308): error C2660: 'v8::Value::IntegerValue': function does not take 0 arguments [C:\Users\praty\Desktop\JavaScript 30\day19\node_modules\uws\build\uws.vcxproj]
  c:\users\praty\appdata\local\node-gyp\cache\21.5.0\include\node\v8-value.h(437): note: see declaration of 'v8::Value::IntegerValue'
c:\users\praty\desktop\javascript 30\day19\node_modules\uws\src\http.h(311): error C2660: 'v8::Function::Call': function does not take 3 arguments [C:\Users\praty\Desktop\JavaScript 30\day19\node_modules\uws\build\uws.vcxproj]
  c:\users\praty\appdata\local\node-gyp\cache\21.5.0\include\node\v8-function.h(55): note: see declaration of 'v8::Function::Call'
c:\users\praty\desktop\javascript 30\day19\node_modules\uws\src\http.h(320): error C2661: 'v8::Object::Get': no overloaded function takes 1 arguments [C:\Users\praty\Desktop\JavaScript 30\day19\node_modules\uws\build\uws.vcxproj]
c:\users\praty\desktop\javascript 30\day19\node_modules\uws\src\http.h(321): error C2661: 'v8::Object::Get': no overloaded function takes 1 arguments [C:\Users\praty\Desktop\JavaScript 30\day19\node_modules\uws\build\uws.vcxproj]
c:\users\praty\desktop\javascript 30\day19\node_modules\uws\src\http.h(327): error C2661: 'v8::Function::NewInstance': no overloaded function takes 0 arguments [C:\Users\praty\Desktop\JavaScript 30\day19\node_modules\uws\build\uws.vcxproj]
c:\users\praty\desktop\javascript 30\day19\node_modules\uws\src\http.h(343): error C2664: 'void v8::Template::Set(v8::Isolate *,const char *,v8::Local<v8::Data>,v8::PropertyAttribute)': cannot convert argument 1 from 'v8::MaybeLocal<v8::String>' to 'v8::Local<v8::Name>' [C:\Users\praty\Desktop\JavaScript 30\day19\node_modules\uws\build\uws.vcxproj]
  c:\users\praty\desktop\javascript 30\day19\node_modules\uws\src\http.h(343): note: No user-defined-conversion operator available that can perform this conversion, or the operator cannot be called
c:\users\praty\desktop\javascript 30\day19\node_modules\uws\src\http.h(344): error C2664: 'void v8::Template::Set(v8::Isolate *,const char *,v8::Local<v8::Data>,v8::PropertyAttribute)': cannot convert argument 1 from 'v8::MaybeLocal<v8::String>' to 'v8::Local<v8::Name>' [C:\Users\praty\Desktop\JavaScript 30\day19\node_modules\uws\build\uws.vcxproj]
  c:\users\praty\desktop\javascript 30\day19\node_modules\uws\src\http.h(344): note: No user-defined-conversion operator available that can perform this conversion, or the operator cannot be called
c:\users\praty\desktop\javascript 30\day19\node_modules\uws\src\http.h(345): error C2664: 'void v8::Template::Set(v8::Isolate *,const char *,v8::Local<v8::Data>,v8::PropertyAttribute)': cannot convert argument 1 from 'v8::MaybeLocal<v8::String>' to 'v8::Local<v8::Name>' [C:\Users\praty\Desktop\JavaScript 30\day19\node_modules\uws\build\uws.vcxproj]
  c:\users\praty\desktop\javascript 30\day19\node_modules\uws\src\http.h(345): note: No user-defined-conversion operator available that can perform this conversion, or the operator cannot be called
c:\users\praty\desktop\javascript 30\day19\node_modules\uws\src\http.h(346): error C2664: 'void v8::Template::Set(v8::Isolate *,const char *,v8::Local<v8::Data>,v8::PropertyAttribute)': cannot convert argument 1 from 'v8::MaybeLocal<v8::String>' to 'v8::Local<v8::Name>' [C:\Users\praty\Desktop\JavaScript 30\day19\node_modules\uws\build\uws.vcxproj]
  c:\users\praty\desktop\javascript 30\day19\node_modules\uws\src\http.h(346): note: No user-defined-conversion operator available that can perform this conversion, or the operator cannot be called
c:\users\praty\desktop\javascript 30\day19\node_modules\uws\src\http.h(347): error C2664: 'void v8::Template::Set(v8::Isolate *,const char *,v8::Local<v8::Data>,v8::PropertyAttribute)': cannot convert argument 1 from 'v8::MaybeLocal<v8::String>' to 'v8::Local<v8::Name>' [C:\Users\praty\Desktop\JavaScript 30\day19\node_modules\uws\build\uws.vcxproj]
  c:\users\praty\desktop\javascript 30\day19\node_modules\uws\src\http.h(347): note: No user-defined-conversion operator available that can perform this conversion, or the operator cannot be called
c:\users\praty\desktop\javascript 30\day19\node_modules\uws\src\http.h(348): error C2664: 'void v8::Template::Set(v8::Isolate *,const char *,v8::Local<v8::Data>,v8::PropertyAttribute)': cannot convert argument 1 from 'v8::MaybeLocal<v8::String>' to 'v8::Local<v8::Name>' [C:\Users\praty\Desktop\JavaScript 30\day19\node_modules\uws\build\uws.vcxproj]
  c:\users\praty\desktop\javascript 30\day19\node_modules\uws\src\http.h(348): note: No user-defined-conversion operator available that can perform this conversion, or the operator cannot be called
c:\users\praty\desktop\javascript 30\day19\node_modules\uws\src\http.h(353): error C2660: 'v8::FunctionTemplate::GetFunction': function does not take 0 arguments [C:\Users\praty\Desktop\JavaScript 30\day19\node_modules\uws\build\uws.vcxproj]
  c:\users\praty\appdata\local\node-gyp\cache\21.5.0\include\node\v8-template.h(497): note: see declaration of 'v8::FunctionTemplate::GetFunction'
c:\users\praty\desktop\javascript 30\day19\node_modules\uws\src\addon.cpp(8): error C2661: 'v8::Object::Set': no overloaded function takes 2 arguments [C:\Users\praty\Desktop\JavaScript 30\day19\node_modules\uws\build\uws.vcxproj]
c:\users\praty\desktop\javascript 30\day19\node_modules\uws\src\addon.cpp(9): error C2661: 'v8::Object::Set': no overloaded function takes 2 arguments [C:\Users\praty\Desktop\JavaScript 30\day19\node_modules\uws\build\uws.vcxproj]
c:\users\praty\desktop\javascript 30\day19\node_modules\uws\src\addon.cpp(10): error C2661: 'v8::Object::Set': no overloaded function takes 2 arguments [C:\Users\praty\Desktop\JavaScript 30\day19\node_modules\uws\build\uws.vcxproj]
gyp ERR! build error 
gyp ERR! stack Error: `C:\Program Files (x86)\Microsoft Visual Studio\2017\Community\MSBuild\15.0\Bin\MSBuild.exe` failed with exit code: 1
gyp ERR! stack at ChildProcess.<anonymous> (C:\Program Files\nodejs\node_modules\npm\node_modules\node-gyp\lib\build.js:209:23)
gyp ERR! stack at ChildProcess.emit (node:events:519:28)
gyp ERR! stack at ChildProcess._handle.onexit (node:internal/child_process:294:12)
gyp ERR! System Windows_NT 10.0.26100
gyp ERR! command "C:\\Program Files\\nodejs\\node.exe" "C:\\Program Files\\nodejs\\node_modules\\npm\\node_modules\\node-gyp\\bin\\node-gyp.js" "rebuild"
gyp ERR! cwd C:\Users\praty\Desktop\JavaScript 30\day19\node_modules\uws
gyp ERR! node -v v21.5.0
gyp ERR! node-gyp -v v10.0.1
gyp ERR! not ok 
